ARM GAS  C:\Users\Keshuai\AppData\Local\Temp\ccoHJIbT.s 			page 1


   1              		.syntax unified
   2              		.cpu cortex-m3
   3              		.fpu softvfp
   4              		.eabi_attribute 20, 1
   5              		.eabi_attribute 21, 1
   6              		.eabi_attribute 23, 3
   7              		.eabi_attribute 24, 1
   8              		.eabi_attribute 25, 1
   9              		.eabi_attribute 26, 1
  10              		.eabi_attribute 30, 1
  11              		.eabi_attribute 34, 1
  12              		.eabi_attribute 18, 4
  13              		.thumb
  14              		.file	"cymetadata.c"
  15              		.text
  16              	.Ltext0:
  17              		.cfi_sections	.debug_frame
  18              		.global	cy_metadata
  19              		.global	cy_meta_flashprotect
  20              		.global	cy_meta_wonvl
  21              		.global	cy_meta_custnvl
  22              		.global	cy_meta_configecc
  23              		.section	.cyconfigecc,"a",%progbits
  24              		.align	2
  25              		.type	cy_meta_configecc, %object
  26              		.size	cy_meta_configecc, 944
  27              	cy_meta_configecc:
  28 0000 01       		.byte	1
  29 0001 45       		.byte	69
  30 0002 00       		.byte	0
  31 0003 40       		.byte	64
  32 0004 01       		.byte	1
  33 0005 52       		.byte	82
  34 0006 00       		.byte	0
  35 0007 40       		.byte	64
  36 0008 01       		.byte	1
  37 0009 64       		.byte	100
  38 000a 00       		.byte	0
  39 000b 40       		.byte	64
  40 000c 01       		.byte	1
  41 000d 65       		.byte	101
  42 000e 00       		.byte	0
  43 000f 40       		.byte	64
  44 0010 3A       		.byte	58
  45 0011 08       		.byte	8
  46 0012 01       		.byte	1
  47 0013 40       		.byte	64
  48 0014 2B       		.byte	43
  49 0015 09       		.byte	9
  50 0016 01       		.byte	1
  51 0017 40       		.byte	64
  52 0018 01       		.byte	1
  53 0019 15       		.byte	21
  54 001a 01       		.byte	1
  55 001b 40       		.byte	64
  56 001c 01       		.byte	1
  57 001d 17       		.byte	23
ARM GAS  C:\Users\Keshuai\AppData\Local\Temp\ccoHJIbT.s 			page 2


  58 001e 01       		.byte	1
  59 001f 40       		.byte	64
  60 0020 61       		.byte	97
  61 0021 18       		.byte	24
  62 0022 01       		.byte	1
  63 0023 40       		.byte	64
  64 0024 3A       		.byte	58
  65 0025 19       		.byte	25
  66 0026 01       		.byte	1
  67 0027 40       		.byte	64
  68 0028 3F       		.byte	63
  69 0029 1A       		.byte	26
  70 002a 01       		.byte	1
  71 002b 40       		.byte	64
  72 002c 3D       		.byte	61
  73 002d 1B       		.byte	27
  74 002e 01       		.byte	1
  75 002f 40       		.byte	64
  76 0030 03       		.byte	3
  77 0031 40       		.byte	64
  78 0032 01       		.byte	1
  79 0033 40       		.byte	64
  80 0034 01       		.byte	1
  81 0035 41       		.byte	65
  82 0036 01       		.byte	1
  83 0037 40       		.byte	64
  84 0038 01       		.byte	1
  85 0039 42       		.byte	66
  86 003a 01       		.byte	1
  87 003b 40       		.byte	64
  88 003c 01       		.byte	1
  89 003d 43       		.byte	67
  90 003e 01       		.byte	1
  91 003f 40       		.byte	64
  92 0040 02       		.byte	2
  93 0041 47       		.byte	71
  94 0042 01       		.byte	1
  95 0043 40       		.byte	64
  96 0044 03       		.byte	3
  97 0045 48       		.byte	72
  98 0046 01       		.byte	1
  99 0047 40       		.byte	64
 100 0048 03       		.byte	3
 101 0049 49       		.byte	73
 102 004a 01       		.byte	1
 103 004b 40       		.byte	64
 104 004c 04       		.byte	4
 105 004d 4C       		.byte	76
 106 004e 01       		.byte	1
 107 004f 40       		.byte	64
 108 0050 04       		.byte	4
 109 0051 4D       		.byte	77
 110 0052 01       		.byte	1
 111 0053 40       		.byte	64
 112 0054 06       		.byte	6
 113 0055 50       		.byte	80
 114 0056 01       		.byte	1
ARM GAS  C:\Users\Keshuai\AppData\Local\Temp\ccoHJIbT.s 			page 3


 115 0057 40       		.byte	64
 116 0058 01       		.byte	1
 117 0059 51       		.byte	81
 118 005a 01       		.byte	1
 119 005b 40       		.byte	64
 120 005c 7E       		.byte	126
 121 005d 02       		.byte	2
 122 005e 7C       		.byte	124
 123 005f 40       		.byte	64
 124 0060 89       		.byte	-119
 125 0061 6F       		.byte	111
 126 0062 8A       		.byte	-118
 127 0063 0F       		.byte	15
 128 0064 0D       		.byte	13
 129 0065 0A       		.byte	10
 130 0066 0F       		.byte	15
 131 0067 05       		.byte	5
 132 0068 10       		.byte	16
 133 0069 01       		.byte	1
 134 006a 19       		.byte	25
 135 006b 0F       		.byte	15
 136 006c 1D       		.byte	29
 137 006d 0C       		.byte	12
 138 006e 1F       		.byte	31
 139 006f 03       		.byte	3
 140 0070 25       		.byte	37
 141 0071 05       		.byte	5
 142 0072 27       		.byte	39
 143 0073 0A       		.byte	10
 144 0074 29       		.byte	41
 145 0075 07       		.byte	7
 146 0076 2D       		.byte	45
 147 0077 03       		.byte	3
 148 0078 2E       		.byte	46
 149 0079 03       		.byte	3
 150 007a 2F       		.byte	47
 151 007b 0C       		.byte	12
 152 007c 30       		.byte	48
 153 007d 02       		.byte	2
 154 007e 35       		.byte	53
 155 007f 0F       		.byte	15
 156 0080 36       		.byte	54
 157 0081 01       		.byte	1
 158 0082 3E       		.byte	62
 159 0083 40       		.byte	64
 160 0084 58       		.byte	88
 161 0085 04       		.byte	4
 162 0086 59       		.byte	89
 163 0087 04       		.byte	4
 164 0088 5F       		.byte	95
 165 0089 01       		.byte	1
 166 008a 80       		.byte	-128
 167 008b 44       		.byte	68
 168 008c 81       		.byte	-127
 169 008d C5       		.byte	-59
 170 008e 82       		.byte	-126
 171 008f 10       		.byte	16
ARM GAS  C:\Users\Keshuai\AppData\Local\Temp\ccoHJIbT.s 			page 4


 172 0090 83       		.byte	-125
 173 0091 3A       		.byte	58
 174 0092 85       		.byte	-123
 175 0093 7F       		.byte	127
 176 0094 86       		.byte	-122
 177 0095 74       		.byte	116
 178 0096 8E       		.byte	-114
 179 0097 03       		.byte	3
 180 0098 90       		.byte	-112
 181 0099 04       		.byte	4
 182 009a 91       		.byte	-111
 183 009b 0E       		.byte	14
 184 009c 92       		.byte	-110
 185 009d 10       		.byte	16
 186 009e 93       		.byte	-109
 187 009f F0       		.byte	-16
 188 00a0 94       		.byte	-108
 189 00a1 01       		.byte	1
 190 00a2 98       		.byte	-104
 191 00a3 70       		.byte	112
 192 00a4 99       		.byte	-103
 193 00a5 FE       		.byte	-2
 194 00a6 9B       		.byte	-101
 195 00a7 01       		.byte	1
 196 00a8 9C       		.byte	-100
 197 00a9 44       		.byte	68
 198 00aa 9D       		.byte	-99
 199 00ab A3       		.byte	-93
 200 00ac 9E       		.byte	-98
 201 00ad 20       		.byte	32
 202 00ae 9F       		.byte	-97
 203 00af 5C       		.byte	92
 204 00b0 A3       		.byte	-93
 205 00b1 01       		.byte	1
 206 00b2 A4       		.byte	-92
 207 00b3 34       		.byte	52
 208 00b4 A5       		.byte	-91
 209 00b5 96       		.byte	-106
 210 00b6 A6       		.byte	-90
 211 00b7 40       		.byte	64
 212 00b8 A7       		.byte	-89
 213 00b9 68       		.byte	104
 214 00ba AA       		.byte	-86
 215 00bb 08       		.byte	8
 216 00bc AE       		.byte	-82
 217 00bd 01       		.byte	1
 218 00be B0       		.byte	-80
 219 00bf 0C       		.byte	12
 220 00c0 B2       		.byte	-78
 221 00c1 02       		.byte	2
 222 00c2 B3       		.byte	-77
 223 00c3 FF       		.byte	-1
 224 00c4 B4       		.byte	-76
 225 00c5 01       		.byte	1
 226 00c6 B6       		.byte	-74
 227 00c7 74       		.byte	116
 228 00c8 BE       		.byte	-66
ARM GAS  C:\Users\Keshuai\AppData\Local\Temp\ccoHJIbT.s 			page 5


 229 00c9 10       		.byte	16
 230 00ca BF       		.byte	-65
 231 00cb 04       		.byte	4
 232 00cc D2       		.byte	-46
 233 00cd 80       		.byte	-128
 234 00ce D4       		.byte	-44
 235 00cf 0F       		.byte	15
 236 00d0 D8       		.byte	-40
 237 00d1 04       		.byte	4
 238 00d2 D9       		.byte	-39
 239 00d3 04       		.byte	4
 240 00d4 DB       		.byte	-37
 241 00d5 04       		.byte	4
 242 00d6 DF       		.byte	-33
 243 00d7 05       		.byte	5
 244 00d8 00       		.byte	0
 245 00d9 40       		.byte	64
 246 00da 03       		.byte	3
 247 00db 60       		.byte	96
 248 00dc 09       		.byte	9
 249 00dd 02       		.byte	2
 250 00de 0A       		.byte	10
 251 00df 12       		.byte	18
 252 00e0 0B       		.byte	11
 253 00e1 08       		.byte	8
 254 00e2 0E       		.byte	14
 255 00e3 80       		.byte	-128
 256 00e4 10       		.byte	16
 257 00e5 02       		.byte	2
 258 00e6 12       		.byte	18
 259 00e7 28       		.byte	40
 260 00e8 16       		.byte	22
 261 00e9 01       		.byte	1
 262 00ea 18       		.byte	24
 263 00eb 42       		.byte	66
 264 00ec 19       		.byte	25
 265 00ed 22       		.byte	34
 266 00ee 1A       		.byte	26
 267 00ef 12       		.byte	18
 268 00f0 1B       		.byte	27
 269 00f1 50       		.byte	80
 270 00f2 1E       		.byte	30
 271 00f3 81       		.byte	-127
 272 00f4 22       		.byte	34
 273 00f5 08       		.byte	8
 274 00f6 26       		.byte	38
 275 00f7 20       		.byte	32
 276 00f8 27       		.byte	39
 277 00f9 08       		.byte	8
 278 00fa 29       		.byte	41
 279 00fb 02       		.byte	2
 280 00fc 2B       		.byte	43
 281 00fd 20       		.byte	32
 282 00fe 2F       		.byte	47
 283 00ff 26       		.byte	38
 284 0100 31       		.byte	49
 285 0101 02       		.byte	2
ARM GAS  C:\Users\Keshuai\AppData\Local\Temp\ccoHJIbT.s 			page 6


 286 0102 32       		.byte	50
 287 0103 20       		.byte	32
 288 0104 33       		.byte	51
 289 0105 42       		.byte	66
 290 0106 36       		.byte	54
 291 0107 20       		.byte	32
 292 0108 37       		.byte	55
 293 0109 40       		.byte	64
 294 010a 38       		.byte	56
 295 010b 02       		.byte	2
 296 010c 3B       		.byte	59
 297 010d 08       		.byte	8
 298 010e 3F       		.byte	63
 299 010f 80       		.byte	-128
 300 0110 58       		.byte	88
 301 0111 20       		.byte	32
 302 0112 5A       		.byte	90
 303 0113 89       		.byte	-119
 304 0114 61       		.byte	97
 305 0115 04       		.byte	4
 306 0116 62       		.byte	98
 307 0117 10       		.byte	16
 308 0118 70       		.byte	112
 309 0119 02       		.byte	2
 310 011a 7A       		.byte	122
 311 011b 10       		.byte	16
 312 011c C0       		.byte	-64
 313 011d 0D       		.byte	13
 314 011e C2       		.byte	-62
 315 011f 1F       		.byte	31
 316 0120 C4       		.byte	-60
 317 0121 87       		.byte	-121
 318 0122 CA       		.byte	-54
 319 0123 73       		.byte	115
 320 0124 CC       		.byte	-52
 321 0125 3D       		.byte	61
 322 0126 CE       		.byte	-50
 323 0127 13       		.byte	19
 324 0128 D6       		.byte	-42
 325 0129 0F       		.byte	15
 326 012a D8       		.byte	-40
 327 012b 06       		.byte	6
 328 012c DE       		.byte	-34
 329 012d 02       		.byte	2
 330 012e E6       		.byte	-26
 331 012f 02       		.byte	2
 332 0130 EE       		.byte	-18
 333 0131 02       		.byte	2
 334 0132 00       		.byte	0
 335 0133 0C       		.byte	12
 336 0134 0C       		.byte	12
 337 0135 01       		.byte	1
 338 0136 0D       		.byte	13
 339 0137 0C       		.byte	12
 340 0138 0F       		.byte	15
 341 0139 01       		.byte	1
 342 013a 10       		.byte	16
ARM GAS  C:\Users\Keshuai\AppData\Local\Temp\ccoHJIbT.s 			page 7


 343 013b 0C       		.byte	12
 344 013c 13       		.byte	19
 345 013d 0F       		.byte	15
 346 013e 14       		.byte	20
 347 013f 07       		.byte	7
 348 0140 15       		.byte	21
 349 0141 0B       		.byte	11
 350 0142 17       		.byte	23
 351 0143 04       		.byte	4
 352 0144 1C       		.byte	28
 353 0145 01       		.byte	1
 354 0146 1D       		.byte	29
 355 0147 0C       		.byte	12
 356 0148 1E       		.byte	30
 357 0149 10       		.byte	16
 358 014a 1F       		.byte	31
 359 014b 02       		.byte	2
 360 014c 24       		.byte	36
 361 014d 0A       		.byte	10
 362 014e 25       		.byte	37
 363 014f 08       		.byte	8
 364 0150 27       		.byte	39
 365 0151 01       		.byte	1
 366 0152 29       		.byte	41
 367 0153 07       		.byte	7
 368 0154 30       		.byte	48
 369 0155 10       		.byte	16
 370 0156 31       		.byte	49
 371 0157 0F       		.byte	15
 372 0158 32       		.byte	50
 373 0159 0E       		.byte	14
 374 015a 36       		.byte	54
 375 015b 01       		.byte	1
 376 015c 38       		.byte	56
 377 015d 88       		.byte	-120
 378 015e 3E       		.byte	62
 379 015f 40       		.byte	64
 380 0160 40       		.byte	64
 381 0161 61       		.byte	97
 382 0162 41       		.byte	65
 383 0163 02       		.byte	2
 384 0164 49       		.byte	73
 385 0165 FF       		.byte	-1
 386 0166 4A       		.byte	74
 387 0167 FF       		.byte	-1
 388 0168 4B       		.byte	75
 389 0169 FF       		.byte	-1
 390 016a 4D       		.byte	77
 391 016b A0       		.byte	-96
 392 016c 4F       		.byte	79
 393 016d 01       		.byte	1
 394 016e 50       		.byte	80
 395 016f 18       		.byte	24
 396 0170 58       		.byte	88
 397 0171 04       		.byte	4
 398 0172 59       		.byte	89
 399 0173 04       		.byte	4
ARM GAS  C:\Users\Keshuai\AppData\Local\Temp\ccoHJIbT.s 			page 8


 400 0174 5A       		.byte	90
 401 0175 04       		.byte	4
 402 0176 5F       		.byte	95
 403 0177 01       		.byte	1
 404 0178 60       		.byte	96
 405 0179 40       		.byte	64
 406 017a 62       		.byte	98
 407 017b 80       		.byte	-128
 408 017c 64       		.byte	100
 409 017d 40       		.byte	64
 410 017e 65       		.byte	101
 411 017f 40       		.byte	64
 412 0180 66       		.byte	102
 413 0181 80       		.byte	-128
 414 0182 68       		.byte	104
 415 0183 40       		.byte	64
 416 0184 6A       		.byte	106
 417 0185 80       		.byte	-128
 418 0186 6C       		.byte	108
 419 0187 40       		.byte	64
 420 0188 6D       		.byte	109
 421 0189 20       		.byte	32
 422 018a 6E       		.byte	110
 423 018b 80       		.byte	-128
 424 018c 81       		.byte	-127
 425 018d 02       		.byte	2
 426 018e 82       		.byte	-126
 427 018f 08       		.byte	8
 428 0190 83       		.byte	-125
 429 0191 01       		.byte	1
 430 0192 87       		.byte	-121
 431 0193 08       		.byte	8
 432 0194 8D       		.byte	-115
 433 0195 01       		.byte	1
 434 0196 8E       		.byte	-114
 435 0197 02       		.byte	2
 436 0198 8F       		.byte	-113
 437 0199 02       		.byte	2
 438 019a 91       		.byte	-111
 439 019b 08       		.byte	8
 440 019c 99       		.byte	-103
 441 019d 01       		.byte	1
 442 019e 9A       		.byte	-102
 443 019f 04       		.byte	4
 444 01a0 9B       		.byte	-101
 445 01a1 02       		.byte	2
 446 01a2 9F       		.byte	-97
 447 01a3 04       		.byte	4
 448 01a4 A9       		.byte	-87
 449 01a5 01       		.byte	1
 450 01a6 AA       		.byte	-86
 451 01a7 01       		.byte	1
 452 01a8 AB       		.byte	-85
 453 01a9 02       		.byte	2
 454 01aa AD       		.byte	-83
 455 01ab 04       		.byte	4
 456 01ac B0       		.byte	-80
ARM GAS  C:\Users\Keshuai\AppData\Local\Temp\ccoHJIbT.s 			page 9


 457 01ad 04       		.byte	4
 458 01ae B1       		.byte	-79
 459 01af 03       		.byte	3
 460 01b0 B2       		.byte	-78
 461 01b1 02       		.byte	2
 462 01b2 B3       		.byte	-77
 463 01b3 04       		.byte	4
 464 01b4 B4       		.byte	-76
 465 01b5 08       		.byte	8
 466 01b6 B6       		.byte	-74
 467 01b7 01       		.byte	1
 468 01b8 B7       		.byte	-73
 469 01b9 08       		.byte	8
 470 01ba BB       		.byte	-69
 471 01bb 02       		.byte	2
 472 01bc BF       		.byte	-65
 473 01bd 44       		.byte	68
 474 01be C0       		.byte	-64
 475 01bf 61       		.byte	97
 476 01c0 C1       		.byte	-63
 477 01c1 02       		.byte	2
 478 01c2 C5       		.byte	-59
 479 01c3 0E       		.byte	14
 480 01c4 C6       		.byte	-58
 481 01c5 C3       		.byte	-61
 482 01c6 C7       		.byte	-57
 483 01c7 24       		.byte	36
 484 01c8 C8       		.byte	-56
 485 01c9 3D       		.byte	61
 486 01ca C9       		.byte	-55
 487 01cb FF       		.byte	-1
 488 01cc CA       		.byte	-54
 489 01cd FF       		.byte	-1
 490 01ce CB       		.byte	-53
 491 01cf FF       		.byte	-1
 492 01d0 CD       		.byte	-51
 493 01d1 AF       		.byte	-81
 494 01d2 CE       		.byte	-50
 495 01d3 07       		.byte	7
 496 01d4 CF       		.byte	-49
 497 01d5 01       		.byte	1
 498 01d6 D0       		.byte	-48
 499 01d7 18       		.byte	24
 500 01d8 D8       		.byte	-40
 501 01d9 04       		.byte	4
 502 01da D9       		.byte	-39
 503 01db 04       		.byte	4
 504 01dc DA       		.byte	-38
 505 01dd 04       		.byte	4
 506 01de DF       		.byte	-33
 507 01df 01       		.byte	1
 508 01e0 E0       		.byte	-32
 509 01e1 40       		.byte	64
 510 01e2 E2       		.byte	-30
 511 01e3 80       		.byte	-128
 512 01e4 E4       		.byte	-28
 513 01e5 40       		.byte	64
ARM GAS  C:\Users\Keshuai\AppData\Local\Temp\ccoHJIbT.s 			page 10


 514 01e6 E5       		.byte	-27
 515 01e7 40       		.byte	64
 516 01e8 E6       		.byte	-26
 517 01e9 80       		.byte	-128
 518 01ea E8       		.byte	-24
 519 01eb 40       		.byte	64
 520 01ec EA       		.byte	-22
 521 01ed 80       		.byte	-128
 522 01ee EC       		.byte	-20
 523 01ef 40       		.byte	64
 524 01f0 ED       		.byte	-19
 525 01f1 20       		.byte	32
 526 01f2 EE       		.byte	-18
 527 01f3 80       		.byte	-128
 528 01f4 00       		.byte	0
 529 01f5 42       		.byte	66
 530 01f6 06       		.byte	6
 531 01f7 01       		.byte	1
 532 01f8 07       		.byte	7
 533 01f9 40       		.byte	64
 534 01fa 0A       		.byte	10
 535 01fb 04       		.byte	4
 536 01fc 0C       		.byte	12
 537 01fd 80       		.byte	-128
 538 01fe 0E       		.byte	14
 539 01ff 20       		.byte	32
 540 0200 0F       		.byte	15
 541 0201 80       		.byte	-128
 542 0202 10       		.byte	16
 543 0203 08       		.byte	8
 544 0204 17       		.byte	23
 545 0205 08       		.byte	8
 546 0206 18       		.byte	24
 547 0207 40       		.byte	64
 548 0208 19       		.byte	25
 549 0209 10       		.byte	16
 550 020a 1A       		.byte	26
 551 020b 26       		.byte	38
 552 020c 1D       		.byte	29
 553 020d 80       		.byte	-128
 554 020e 1E       		.byte	30
 555 020f 20       		.byte	32
 556 0210 1F       		.byte	31
 557 0211 06       		.byte	6
 558 0212 21       		.byte	33
 559 0213 03       		.byte	3
 560 0214 22       		.byte	34
 561 0215 46       		.byte	70
 562 0216 27       		.byte	39
 563 0217 40       		.byte	64
 564 0218 29       		.byte	41
 565 0219 10       		.byte	16
 566 021a 2B       		.byte	43
 567 021b 02       		.byte	2
 568 021c 2F       		.byte	47
 569 021d 24       		.byte	36
 570 021e 30       		.byte	48
ARM GAS  C:\Users\Keshuai\AppData\Local\Temp\ccoHJIbT.s 			page 11


 571 021f 80       		.byte	-128
 572 0220 32       		.byte	50
 573 0221 11       		.byte	17
 574 0222 36       		.byte	54
 575 0223 02       		.byte	2
 576 0224 37       		.byte	55
 577 0225 48       		.byte	72
 578 0226 38       		.byte	56
 579 0227 40       		.byte	64
 580 0228 39       		.byte	57
 581 0229 0A       		.byte	10
 582 022a 3F       		.byte	63
 583 022b 80       		.byte	-128
 584 022c 41       		.byte	65
 585 022d 80       		.byte	-128
 586 022e 43       		.byte	67
 587 022f 10       		.byte	16
 588 0230 45       		.byte	69
 589 0231 80       		.byte	-128
 590 0232 47       		.byte	71
 591 0233 10       		.byte	16
 592 0234 49       		.byte	73
 593 0235 24       		.byte	36
 594 0236 4F       		.byte	79
 595 0237 20       		.byte	32
 596 0238 50       		.byte	80
 597 0239 89       		.byte	-119
 598 023a 51       		.byte	81
 599 023b 04       		.byte	4
 600 023c 52       		.byte	82
 601 023d 11       		.byte	17
 602 023e 96       		.byte	-106
 603 023f 88       		.byte	-120
 604 0240 97       		.byte	-105
 605 0241 08       		.byte	8
 606 0242 99       		.byte	-103
 607 0243 20       		.byte	32
 608 0244 9B       		.byte	-101
 609 0245 08       		.byte	8
 610 0246 9C       		.byte	-100
 611 0247 20       		.byte	32
 612 0248 9D       		.byte	-99
 613 0249 04       		.byte	4
 614 024a 9E       		.byte	-98
 615 024b 11       		.byte	17
 616 024c 9F       		.byte	-97
 617 024d 40       		.byte	64
 618 024e A3       		.byte	-93
 619 024f 50       		.byte	80
 620 0250 A5       		.byte	-91
 621 0251 02       		.byte	2
 622 0252 A6       		.byte	-90
 623 0253 10       		.byte	16
 624 0254 A7       		.byte	-89
 625 0255 20       		.byte	32
 626 0256 C0       		.byte	-64
 627 0257 99       		.byte	-103
ARM GAS  C:\Users\Keshuai\AppData\Local\Temp\ccoHJIbT.s 			page 12


 628 0258 C2       		.byte	-62
 629 0259 B2       		.byte	-78
 630 025a C4       		.byte	-60
 631 025b 22       		.byte	34
 632 025c CA       		.byte	-54
 633 025d 6C       		.byte	108
 634 025e CC       		.byte	-52
 635 025f DD       		.byte	-35
 636 0260 CE       		.byte	-50
 637 0261 1B       		.byte	27
 638 0262 D0       		.byte	-48
 639 0263 3C       		.byte	60
 640 0264 D2       		.byte	-46
 641 0265 24       		.byte	36
 642 0266 EE       		.byte	-18
 643 0267 02       		.byte	2
 644 0268 00       		.byte	0
 645 0269 01       		.byte	1
 646 026a 02       		.byte	2
 647 026b 02       		.byte	2
 648 026c 04       		.byte	4
 649 026d 02       		.byte	2
 650 026e 06       		.byte	6
 651 026f 01       		.byte	1
 652 0270 0E       		.byte	14
 653 0271 08       		.byte	8
 654 0272 0F       		.byte	15
 655 0273 02       		.byte	2
 656 0274 11       		.byte	17
 657 0275 02       		.byte	2
 658 0276 14       		.byte	20
 659 0277 01       		.byte	1
 660 0278 15       		.byte	21
 661 0279 02       		.byte	2
 662 027a 16       		.byte	22
 663 027b 02       		.byte	2
 664 027c 1C       		.byte	28
 665 027d 08       		.byte	8
 666 027e 1D       		.byte	29
 667 027f 01       		.byte	1
 668 0280 20       		.byte	32
 669 0281 01       		.byte	1
 670 0282 21       		.byte	33
 671 0283 01       		.byte	1
 672 0284 22       		.byte	34
 673 0285 06       		.byte	6
 674 0286 26       		.byte	38
 675 0287 10       		.byte	16
 676 0288 2A       		.byte	42
 677 0289 08       		.byte	8
 678 028a 2F       		.byte	47
 679 028b 04       		.byte	4
 680 028c 30       		.byte	48
 681 028d 08       		.byte	8
 682 028e 31       		.byte	49
 683 028f 01       		.byte	1
 684 0290 32       		.byte	50
ARM GAS  C:\Users\Keshuai\AppData\Local\Temp\ccoHJIbT.s 			page 13


 685 0291 04       		.byte	4
 686 0292 33       		.byte	51
 687 0293 02       		.byte	2
 688 0294 34       		.byte	52
 689 0295 03       		.byte	3
 690 0296 36       		.byte	54
 691 0297 10       		.byte	16
 692 0298 37       		.byte	55
 693 0299 04       		.byte	4
 694 029a 39       		.byte	57
 695 029b 02       		.byte	2
 696 029c 3A       		.byte	58
 697 029d 20       		.byte	32
 698 029e 3E       		.byte	62
 699 029f 01       		.byte	1
 700 02a0 3F       		.byte	63
 701 02a1 04       		.byte	4
 702 02a2 54       		.byte	84
 703 02a3 0F       		.byte	15
 704 02a4 56       		.byte	86
 705 02a5 04       		.byte	4
 706 02a6 58       		.byte	88
 707 02a7 04       		.byte	4
 708 02a8 59       		.byte	89
 709 02a9 04       		.byte	4
 710 02aa 5B       		.byte	91
 711 02ab 04       		.byte	4
 712 02ac 5F       		.byte	95
 713 02ad 01       		.byte	1
 714 02ae 80       		.byte	-128
 715 02af CF       		.byte	-49
 716 02b0 82       		.byte	-126
 717 02b1 30       		.byte	48
 718 02b2 88       		.byte	-120
 719 02b3 FD       		.byte	-3
 720 02b4 8A       		.byte	-118
 721 02b5 02       		.byte	2
 722 02b6 8B       		.byte	-117
 723 02b7 07       		.byte	7
 724 02b8 8D       		.byte	-115
 725 02b9 01       		.byte	1
 726 02ba 8F       		.byte	-113
 727 02bb 02       		.byte	2
 728 02bc 90       		.byte	-112
 729 02bd 9E       		.byte	-98
 730 02be 92       		.byte	-110
 731 02bf 60       		.byte	96
 732 02c0 94       		.byte	-108
 733 02c1 73       		.byte	115
 734 02c2 95       		.byte	-107
 735 02c3 07       		.byte	7
 736 02c4 98       		.byte	-104
 737 02c5 30       		.byte	48
 738 02c6 99       		.byte	-103
 739 02c7 07       		.byte	7
 740 02c8 9A       		.byte	-102
 741 02c9 C9       		.byte	-55
ARM GAS  C:\Users\Keshuai\AppData\Local\Temp\ccoHJIbT.s 			page 14


 742 02ca 9F       		.byte	-97
 743 02cb 04       		.byte	4
 744 02cc A0       		.byte	-96
 745 02cd 94       		.byte	-108
 746 02ce A2       		.byte	-94
 747 02cf 60       		.byte	96
 748 02d0 A3       		.byte	-93
 749 02d1 08       		.byte	8
 750 02d2 A5       		.byte	-91
 751 02d3 04       		.byte	4
 752 02d4 AA       		.byte	-86
 753 02d5 0F       		.byte	15
 754 02d6 AD       		.byte	-83
 755 02d7 01       		.byte	1
 756 02d8 AF       		.byte	-81
 757 02d9 02       		.byte	2
 758 02da B3       		.byte	-77
 759 02db 0F       		.byte	15
 760 02dc B6       		.byte	-74
 761 02dd FF       		.byte	-1
 762 02de BE       		.byte	-66
 763 02df 40       		.byte	64
 764 02e0 D8       		.byte	-40
 765 02e1 04       		.byte	4
 766 02e2 D9       		.byte	-39
 767 02e3 04       		.byte	4
 768 02e4 DF       		.byte	-33
 769 02e5 01       		.byte	1
 770 02e6 00       		.byte	0
 771 02e7 41       		.byte	65
 772 02e8 03       		.byte	3
 773 02e9 20       		.byte	32
 774 02ea 07       		.byte	7
 775 02eb 48       		.byte	72
 776 02ec 0A       		.byte	10
 777 02ed 12       		.byte	18
 778 02ee 0C       		.byte	12
 779 02ef 04       		.byte	4
 780 02f0 0E       		.byte	14
 781 02f1 24       		.byte	36
 782 02f2 0F       		.byte	15
 783 02f3 80       		.byte	-128
 784 02f4 12       		.byte	18
 785 02f5 98       		.byte	-104
 786 02f6 15       		.byte	21
 787 02f7 02       		.byte	2
 788 02f8 16       		.byte	22
 789 02f9 80       		.byte	-128
 790 02fa 17       		.byte	23
 791 02fb 10       		.byte	16
 792 02fc 18       		.byte	24
 793 02fd 01       		.byte	1
 794 02fe 19       		.byte	25
 795 02ff 80       		.byte	-128
 796 0300 1A       		.byte	26
 797 0301 54       		.byte	84
 798 0302 1B       		.byte	27
ARM GAS  C:\Users\Keshuai\AppData\Local\Temp\ccoHJIbT.s 			page 15


 799 0303 20       		.byte	32
 800 0304 1F       		.byte	31
 801 0305 80       		.byte	-128
 802 0306 20       		.byte	32
 803 0307 40       		.byte	64
 804 0308 22       		.byte	34
 805 0309 80       		.byte	-128
 806 030a 23       		.byte	35
 807 030b 20       		.byte	32
 808 030c 24       		.byte	36
 809 030d 10       		.byte	16
 810 030e 26       		.byte	38
 811 030f 08       		.byte	8
 812 0310 27       		.byte	39
 813 0311 10       		.byte	16
 814 0312 29       		.byte	41
 815 0313 80       		.byte	-128
 816 0314 2A       		.byte	42
 817 0315 01       		.byte	1
 818 0316 2E       		.byte	46
 819 0317 80       		.byte	-128
 820 0318 2F       		.byte	47
 821 0319 A0       		.byte	-96
 822 031a 30       		.byte	48
 823 031b 80       		.byte	-128
 824 031c 32       		.byte	50
 825 031d 09       		.byte	9
 826 031e 36       		.byte	54
 827 031f 10       		.byte	16
 828 0320 37       		.byte	55
 829 0321 48       		.byte	72
 830 0322 38       		.byte	56
 831 0323 40       		.byte	64
 832 0324 3C       		.byte	60
 833 0325 10       		.byte	16
 834 0326 3F       		.byte	63
 835 0327 80       		.byte	-128
 836 0328 58       		.byte	88
 837 0329 04       		.byte	4
 838 032a 5A       		.byte	90
 839 032b 41       		.byte	65
 840 032c 5B       		.byte	91
 841 032d 20       		.byte	32
 842 032e 63       		.byte	99
 843 032f 40       		.byte	64
 844 0330 86       		.byte	-122
 845 0331 10       		.byte	16
 846 0332 87       		.byte	-121
 847 0333 40       		.byte	64
 848 0334 8A       		.byte	-118
 849 0335 01       		.byte	1
 850 0336 8B       		.byte	-117
 851 0337 08       		.byte	8
 852 0338 91       		.byte	-111
 853 0339 02       		.byte	2
 854 033a 92       		.byte	-110
 855 033b 02       		.byte	2
ARM GAS  C:\Users\Keshuai\AppData\Local\Temp\ccoHJIbT.s 			page 16


 856 033c 9A       		.byte	-102
 857 033d 01       		.byte	1
 858 033e 9B       		.byte	-101
 859 033f 48       		.byte	72
 860 0340 9F       		.byte	-97
 861 0341 10       		.byte	16
 862 0342 A0       		.byte	-96
 863 0343 80       		.byte	-128
 864 0344 A2       		.byte	-94
 865 0345 10       		.byte	16
 866 0346 A3       		.byte	-93
 867 0347 40       		.byte	64
 868 0348 A7       		.byte	-89
 869 0349 20       		.byte	32
 870 034a B0       		.byte	-80
 871 034b 01       		.byte	1
 872 034c B4       		.byte	-76
 873 034d 21       		.byte	33
 874 034e C0       		.byte	-64
 875 034f 5D       		.byte	93
 876 0350 C2       		.byte	-62
 877 0351 75       		.byte	117
 878 0352 C4       		.byte	-60
 879 0353 5E       		.byte	94
 880 0354 CA       		.byte	-54
 881 0355 D9       		.byte	-39
 882 0356 CC       		.byte	-52
 883 0357 7B       		.byte	123
 884 0358 CE       		.byte	-50
 885 0359 38       		.byte	56
 886 035a D6       		.byte	-42
 887 035b 0F       		.byte	15
 888 035c D8       		.byte	-40
 889 035d 01       		.byte	1
 890 035e E2       		.byte	-30
 891 035f 02       		.byte	2
 892 0360 32       		.byte	50
 893 0361 20       		.byte	32
 894 0362 36       		.byte	54
 895 0363 40       		.byte	64
 896 0364 CC       		.byte	-52
 897 0365 30       		.byte	48
 898 0366 A6       		.byte	-90
 899 0367 60       		.byte	96
 900 0368 A6       		.byte	-90
 901 0369 60       		.byte	96
 902 036a A6       		.byte	-90
 903 036b 60       		.byte	96
 904 036c 0B       		.byte	11
 905 036d 40       		.byte	64
 906 036e C2       		.byte	-62
 907 036f 08       		.byte	8
 908 0370 A6       		.byte	-90
 909 0371 20       		.byte	32
 910 0372 AE       		.byte	-82
 911 0373 40       		.byte	64
 912 0374 EE       		.byte	-18
ARM GAS  C:\Users\Keshuai\AppData\Local\Temp\ccoHJIbT.s 			page 17


 913 0375 40       		.byte	64
 914 0376 86       		.byte	-122
 915 0377 20       		.byte	32
 916 0378 A6       		.byte	-90
 917 0379 20       		.byte	32
 918 037a E6       		.byte	-26
 919 037b 40       		.byte	64
 920 037c 08       		.byte	8
 921 037d 40       		.byte	64
 922 037e 0E       		.byte	14
 923 037f 04       		.byte	4
 924 0380 AF       		.byte	-81
 925 0381 40       		.byte	64
 926 0382 C2       		.byte	-62
 927 0383 03       		.byte	3
 928 0384 86       		.byte	-122
 929 0385 04       		.byte	4
 930 0386 92       		.byte	-110
 931 0387 04       		.byte	4
 932 0388 B0       		.byte	-80
 933 0389 40       		.byte	64
 934 038a EA       		.byte	-22
 935 038b 01       		.byte	1
 936 038c 00       		.byte	0
 937 038d 01       		.byte	1
 938 038e 02       		.byte	2
 939 038f 14       		.byte	20
 940 0390 0C       		.byte	12
 941 0391 01       		.byte	1
 942 0392 10       		.byte	16
 943 0393 01       		.byte	1
 944 0394 12       		.byte	18
 945 0395 14       		.byte	20
 946 0396 1C       		.byte	28
 947 0397 01       		.byte	1
 948 0398 00       		.byte	0
 949 0399 0B       		.byte	11
 950 039a 00       		.byte	0
 951 039b 00       		.byte	0
 952 039c 40       		.byte	64
 953 039d 00       		.byte	0
 954 039e 00       		.byte	0
 955 039f 00       		.byte	0
 956 03a0 00       		.byte	0
 957 03a1 00       		.byte	0
 958 03a2 00       		.byte	0
 959 03a3 00       		.byte	0
 960 03a4 C0       		.byte	-64
 961 03a5 00       		.byte	0
 962 03a6 00       		.byte	0
 963 03a7 00       		.byte	0
 964 03a8 C0       		.byte	-64
 965 03a9 0B       		.byte	11
 966 03aa 0B       		.byte	11
 967 03ab 00       		.byte	0
 968 03ac 00       		.byte	0
 969 03ad 00       		.byte	0
ARM GAS  C:\Users\Keshuai\AppData\Local\Temp\ccoHJIbT.s 			page 18


 970 03ae 00       		.byte	0
 971 03af 00       		.byte	0
 972              		.section	.cywolatch,"a",%progbits
 973              		.align	2
 974              		.type	cy_meta_wonvl, %object
 975              		.size	cy_meta_wonvl, 4
 976              	cy_meta_wonvl:
 977 0000 BC       		.byte	-68
 978 0001 90       		.byte	-112
 979 0002 AC       		.byte	-84
 980 0003 AF       		.byte	-81
 981              		.section	.cycustnvl,"a",%progbits
 982              		.align	2
 983              		.type	cy_meta_custnvl, %object
 984              		.size	cy_meta_custnvl, 4
 985              	cy_meta_custnvl:
 986 0000 00       		.byte	0
 987 0001 00       		.byte	0
 988 0002 40       		.byte	64
 989 0003 05       		.byte	5
 990              		.section	.cymeta,"a",%progbits
 991              		.align	2
 992              		.type	cy_metadata, %object
 993              		.size	cy_metadata, 12
 994              	cy_metadata:
 995 0000 00       		.byte	0
 996 0001 01       		.byte	1
 997 0002 2E       		.byte	46
 998 0003 16       		.byte	22
 999 0004 10       		.byte	16
 1000 0005 69       		.byte	105
 1001 0006 00       		.byte	0
 1002 0007 01       		.byte	1
 1003 0008 00       		.byte	0
 1004 0009 00       		.byte	0
 1005 000a 00       		.byte	0
 1006 000b 00       		.byte	0
 1007              		.section	.cyflashprotect,"a",%progbits
 1008              		.align	2
 1009              		.type	cy_meta_flashprotect, %object
 1010              		.size	cy_meta_flashprotect, 256
 1011              	cy_meta_flashprotect:
 1012 0000 00000000 		.space	256
 1012      00000000 
 1012      00000000 
 1012      00000000 
 1012      00000000 
 1013              		.text
 1014              	.Letext0:
 1015              		.file 1 "Generated_Source\\PSoC5\\cymetadata.c"
 1016              		.file 2 "Generated_Source\\PSoC5\\cytypes.h"
 1017              		.section	.debug_info,"",%progbits
 1018              	.Ldebug_info0:
 1019 0000 37010000 		.4byte	0x137
 1020 0004 0400     		.2byte	0x4
 1021 0006 00000000 		.4byte	.Ldebug_abbrev0
 1022 000a 04       		.byte	0x4
ARM GAS  C:\Users\Keshuai\AppData\Local\Temp\ccoHJIbT.s 			page 19


 1023 000b 01       		.uleb128 0x1
 1024 000c AD000000 		.4byte	.LASF18
 1025 0010 01       		.byte	0x1
 1026 0011 C3010000 		.4byte	.LASF19
 1027 0015 12000000 		.4byte	.LASF20
 1028 0019 00000000 		.4byte	.Ldebug_line0
 1029 001d 02       		.uleb128 0x2
 1030 001e 01       		.byte	0x1
 1031 001f 06       		.byte	0x6
 1032 0020 B7010000 		.4byte	.LASF0
 1033 0024 02       		.uleb128 0x2
 1034 0025 01       		.byte	0x1
 1035 0026 08       		.byte	0x8
 1036 0027 51000000 		.4byte	.LASF1
 1037 002b 02       		.uleb128 0x2
 1038 002c 02       		.byte	0x2
 1039 002d 05       		.byte	0x5
 1040 002e 9E010000 		.4byte	.LASF2
 1041 0032 02       		.uleb128 0x2
 1042 0033 02       		.byte	0x2
 1043 0034 07       		.byte	0x7
 1044 0035 71000000 		.4byte	.LASF3
 1045 0039 02       		.uleb128 0x2
 1046 003a 04       		.byte	0x4
 1047 003b 05       		.byte	0x5
 1048 003c AE010000 		.4byte	.LASF4
 1049 0040 02       		.uleb128 0x2
 1050 0041 04       		.byte	0x4
 1051 0042 07       		.byte	0x7
 1052 0043 5F000000 		.4byte	.LASF5
 1053 0047 02       		.uleb128 0x2
 1054 0048 08       		.byte	0x8
 1055 0049 05       		.byte	0x5
 1056 004a 8B010000 		.4byte	.LASF6
 1057 004e 02       		.uleb128 0x2
 1058 004f 08       		.byte	0x8
 1059 0050 07       		.byte	0x7
 1060 0051 48010000 		.4byte	.LASF7
 1061 0055 03       		.uleb128 0x3
 1062 0056 04       		.byte	0x4
 1063 0057 05       		.byte	0x5
 1064 0058 696E7400 		.ascii	"int\000"
 1065 005c 02       		.uleb128 0x2
 1066 005d 04       		.byte	0x4
 1067 005e 07       		.byte	0x7
 1068 005f 3B010000 		.4byte	.LASF8
 1069 0063 04       		.uleb128 0x4
 1070 0064 A8010000 		.4byte	.LASF21
 1071 0068 02       		.byte	0x2
 1072 0069 9201     		.2byte	0x192
 1073 006b 24000000 		.4byte	0x24
 1074 006f 02       		.uleb128 0x2
 1075 0070 04       		.byte	0x4
 1076 0071 04       		.byte	0x4
 1077 0072 0C000000 		.4byte	.LASF9
 1078 0076 02       		.uleb128 0x2
 1079 0077 08       		.byte	0x8
ARM GAS  C:\Users\Keshuai\AppData\Local\Temp\ccoHJIbT.s 			page 20


 1080 0078 04       		.byte	0x4
 1081 0079 84000000 		.4byte	.LASF10
 1082 007d 02       		.uleb128 0x2
 1083 007e 01       		.byte	0x1
 1084 007f 08       		.byte	0x8
 1085 0080 99010000 		.4byte	.LASF11
 1086 0084 05       		.uleb128 0x5
 1087 0085 63000000 		.4byte	0x63
 1088 0089 95000000 		.4byte	0x95
 1089 008d 06       		.uleb128 0x6
 1090 008e 95000000 		.4byte	0x95
 1091 0092 AF03     		.2byte	0x3af
 1092 0094 00       		.byte	0
 1093 0095 02       		.uleb128 0x2
 1094 0096 04       		.byte	0x4
 1095 0097 07       		.byte	0x7
 1096 0098 82010000 		.4byte	.LASF12
 1097 009c 07       		.uleb128 0x7
 1098 009d 9B000000 		.4byte	.LASF13
 1099 00a1 01       		.byte	0x1
 1100 00a2 1F       		.byte	0x1f
 1101 00a3 AD000000 		.4byte	0xad
 1102 00a7 05       		.uleb128 0x5
 1103 00a8 03       		.byte	0x3
 1104 00a9 00000000 		.4byte	cy_meta_configecc
 1105 00ad 08       		.uleb128 0x8
 1106 00ae 84000000 		.4byte	0x84
 1107 00b2 05       		.uleb128 0x5
 1108 00b3 63000000 		.4byte	0x63
 1109 00b7 C2000000 		.4byte	0xc2
 1110 00bb 09       		.uleb128 0x9
 1111 00bc 95000000 		.4byte	0x95
 1112 00c0 03       		.byte	0x3
 1113 00c1 00       		.byte	0
 1114 00c2 07       		.uleb128 0x7
 1115 00c3 8B000000 		.4byte	.LASF14
 1116 00c7 01       		.byte	0x1
 1117 00c8 A2       		.byte	0xa2
 1118 00c9 D3000000 		.4byte	0xd3
 1119 00cd 05       		.uleb128 0x5
 1120 00ce 03       		.byte	0x3
 1121 00cf 00000000 		.4byte	cy_meta_custnvl
 1122 00d3 08       		.uleb128 0x8
 1123 00d4 B2000000 		.4byte	0xb2
 1124 00d8 07       		.uleb128 0x7
 1125 00d9 74010000 		.4byte	.LASF15
 1126 00dd 01       		.byte	0x1
 1127 00de B0       		.byte	0xb0
 1128 00df E9000000 		.4byte	0xe9
 1129 00e3 05       		.uleb128 0x5
 1130 00e4 03       		.byte	0x3
 1131 00e5 00000000 		.4byte	cy_meta_wonvl
 1132 00e9 08       		.uleb128 0x8
 1133 00ea B2000000 		.4byte	0xb2
 1134 00ee 05       		.uleb128 0x5
 1135 00ef 63000000 		.4byte	0x63
 1136 00f3 FE000000 		.4byte	0xfe
ARM GAS  C:\Users\Keshuai\AppData\Local\Temp\ccoHJIbT.s 			page 21


 1137 00f7 09       		.uleb128 0x9
 1138 00f8 95000000 		.4byte	0x95
 1139 00fc FF       		.byte	0xff
 1140 00fd 00       		.byte	0
 1141 00fe 07       		.uleb128 0x7
 1142 00ff 5F010000 		.4byte	.LASF16
 1143 0103 01       		.byte	0x1
 1144 0104 BE       		.byte	0xbe
 1145 0105 0F010000 		.4byte	0x10f
 1146 0109 05       		.uleb128 0x5
 1147 010a 03       		.byte	0x3
 1148 010b 00000000 		.4byte	cy_meta_flashprotect
 1149 010f 08       		.uleb128 0x8
 1150 0110 EE000000 		.4byte	0xee
 1151 0114 05       		.uleb128 0x5
 1152 0115 63000000 		.4byte	0x63
 1153 0119 24010000 		.4byte	0x124
 1154 011d 09       		.uleb128 0x9
 1155 011e 95000000 		.4byte	0x95
 1156 0122 0B       		.byte	0xb
 1157 0123 00       		.byte	0
 1158 0124 07       		.uleb128 0x7
 1159 0125 00000000 		.4byte	.LASF17
 1160 0129 01       		.byte	0x1
 1161 012a EB       		.byte	0xeb
 1162 012b 35010000 		.4byte	0x135
 1163 012f 05       		.uleb128 0x5
 1164 0130 03       		.byte	0x3
 1165 0131 00000000 		.4byte	cy_metadata
 1166 0135 08       		.uleb128 0x8
 1167 0136 14010000 		.4byte	0x114
 1168 013a 00       		.byte	0
 1169              		.section	.debug_abbrev,"",%progbits
 1170              	.Ldebug_abbrev0:
 1171 0000 01       		.uleb128 0x1
 1172 0001 11       		.uleb128 0x11
 1173 0002 01       		.byte	0x1
 1174 0003 25       		.uleb128 0x25
 1175 0004 0E       		.uleb128 0xe
 1176 0005 13       		.uleb128 0x13
 1177 0006 0B       		.uleb128 0xb
 1178 0007 03       		.uleb128 0x3
 1179 0008 0E       		.uleb128 0xe
 1180 0009 1B       		.uleb128 0x1b
 1181 000a 0E       		.uleb128 0xe
 1182 000b 10       		.uleb128 0x10
 1183 000c 17       		.uleb128 0x17
 1184 000d 00       		.byte	0
 1185 000e 00       		.byte	0
 1186 000f 02       		.uleb128 0x2
 1187 0010 24       		.uleb128 0x24
 1188 0011 00       		.byte	0
 1189 0012 0B       		.uleb128 0xb
 1190 0013 0B       		.uleb128 0xb
 1191 0014 3E       		.uleb128 0x3e
 1192 0015 0B       		.uleb128 0xb
 1193 0016 03       		.uleb128 0x3
ARM GAS  C:\Users\Keshuai\AppData\Local\Temp\ccoHJIbT.s 			page 22


 1194 0017 0E       		.uleb128 0xe
 1195 0018 00       		.byte	0
 1196 0019 00       		.byte	0
 1197 001a 03       		.uleb128 0x3
 1198 001b 24       		.uleb128 0x24
 1199 001c 00       		.byte	0
 1200 001d 0B       		.uleb128 0xb
 1201 001e 0B       		.uleb128 0xb
 1202 001f 3E       		.uleb128 0x3e
 1203 0020 0B       		.uleb128 0xb
 1204 0021 03       		.uleb128 0x3
 1205 0022 08       		.uleb128 0x8
 1206 0023 00       		.byte	0
 1207 0024 00       		.byte	0
 1208 0025 04       		.uleb128 0x4
 1209 0026 16       		.uleb128 0x16
 1210 0027 00       		.byte	0
 1211 0028 03       		.uleb128 0x3
 1212 0029 0E       		.uleb128 0xe
 1213 002a 3A       		.uleb128 0x3a
 1214 002b 0B       		.uleb128 0xb
 1215 002c 3B       		.uleb128 0x3b
 1216 002d 05       		.uleb128 0x5
 1217 002e 49       		.uleb128 0x49
 1218 002f 13       		.uleb128 0x13
 1219 0030 00       		.byte	0
 1220 0031 00       		.byte	0
 1221 0032 05       		.uleb128 0x5
 1222 0033 01       		.uleb128 0x1
 1223 0034 01       		.byte	0x1
 1224 0035 49       		.uleb128 0x49
 1225 0036 13       		.uleb128 0x13
 1226 0037 01       		.uleb128 0x1
 1227 0038 13       		.uleb128 0x13
 1228 0039 00       		.byte	0
 1229 003a 00       		.byte	0
 1230 003b 06       		.uleb128 0x6
 1231 003c 21       		.uleb128 0x21
 1232 003d 00       		.byte	0
 1233 003e 49       		.uleb128 0x49
 1234 003f 13       		.uleb128 0x13
 1235 0040 2F       		.uleb128 0x2f
 1236 0041 05       		.uleb128 0x5
 1237 0042 00       		.byte	0
 1238 0043 00       		.byte	0
 1239 0044 07       		.uleb128 0x7
 1240 0045 34       		.uleb128 0x34
 1241 0046 00       		.byte	0
 1242 0047 03       		.uleb128 0x3
 1243 0048 0E       		.uleb128 0xe
 1244 0049 3A       		.uleb128 0x3a
 1245 004a 0B       		.uleb128 0xb
 1246 004b 3B       		.uleb128 0x3b
 1247 004c 0B       		.uleb128 0xb
 1248 004d 49       		.uleb128 0x49
 1249 004e 13       		.uleb128 0x13
 1250 004f 3F       		.uleb128 0x3f
ARM GAS  C:\Users\Keshuai\AppData\Local\Temp\ccoHJIbT.s 			page 23


 1251 0050 19       		.uleb128 0x19
 1252 0051 02       		.uleb128 0x2
 1253 0052 18       		.uleb128 0x18
 1254 0053 00       		.byte	0
 1255 0054 00       		.byte	0
 1256 0055 08       		.uleb128 0x8
 1257 0056 26       		.uleb128 0x26
 1258 0057 00       		.byte	0
 1259 0058 49       		.uleb128 0x49
 1260 0059 13       		.uleb128 0x13
 1261 005a 00       		.byte	0
 1262 005b 00       		.byte	0
 1263 005c 09       		.uleb128 0x9
 1264 005d 21       		.uleb128 0x21
 1265 005e 00       		.byte	0
 1266 005f 49       		.uleb128 0x49
 1267 0060 13       		.uleb128 0x13
 1268 0061 2F       		.uleb128 0x2f
 1269 0062 0B       		.uleb128 0xb
 1270 0063 00       		.byte	0
 1271 0064 00       		.byte	0
 1272 0065 00       		.byte	0
 1273              		.section	.debug_aranges,"",%progbits
 1274 0000 14000000 		.4byte	0x14
 1275 0004 0200     		.2byte	0x2
 1276 0006 00000000 		.4byte	.Ldebug_info0
 1277 000a 04       		.byte	0x4
 1278 000b 00       		.byte	0
 1279 000c 0000     		.2byte	0
 1280 000e 0000     		.2byte	0
 1281 0010 00000000 		.4byte	0
 1282 0014 00000000 		.4byte	0
 1283              		.section	.debug_line,"",%progbits
 1284              	.Ldebug_line0:
 1285 0000 4D000000 		.section	.debug_str,"MS",%progbits,1
 1285      02004700 
 1285      00000201 
 1285      FB0E0D00 
 1285      01010101 
 1286              	.LASF17:
 1287 0000 63795F6D 		.ascii	"cy_metadata\000"
 1287      65746164 
 1287      61746100 
 1288              	.LASF9:
 1289 000c 666C6F61 		.ascii	"float\000"
 1289      7400
 1290              	.LASF20:
 1291 0012 433A5C55 		.ascii	"C:\\Users\\Keshuai\\Documents\\PSoC Creator\\Worksp"
 1291      73657273 
 1291      5C4B6573 
 1291      68756169 
 1291      5C446F63 
 1292 0040 61636530 		.ascii	"ace01\\n00b.cydsn\000"
 1292      315C6E30 
 1292      30622E63 
 1292      7964736E 
 1292      00
ARM GAS  C:\Users\Keshuai\AppData\Local\Temp\ccoHJIbT.s 			page 24


 1293              	.LASF1:
 1294 0051 756E7369 		.ascii	"unsigned char\000"
 1294      676E6564 
 1294      20636861 
 1294      7200
 1295              	.LASF5:
 1296 005f 6C6F6E67 		.ascii	"long unsigned int\000"
 1296      20756E73 
 1296      69676E65 
 1296      6420696E 
 1296      7400
 1297              	.LASF3:
 1298 0071 73686F72 		.ascii	"short unsigned int\000"
 1298      7420756E 
 1298      7369676E 
 1298      65642069 
 1298      6E7400
 1299              	.LASF10:
 1300 0084 646F7562 		.ascii	"double\000"
 1300      6C6500
 1301              	.LASF14:
 1302 008b 63795F6D 		.ascii	"cy_meta_custnvl\000"
 1302      6574615F 
 1302      63757374 
 1302      6E766C00 
 1303              	.LASF13:
 1304 009b 63795F6D 		.ascii	"cy_meta_configecc\000"
 1304      6574615F 
 1304      636F6E66 
 1304      69676563 
 1304      6300
 1305              	.LASF18:
 1306 00ad 474E5520 		.ascii	"GNU C 4.9.3 20150303 (release) [ARM/embedded-4_9-br"
 1306      4320342E 
 1306      392E3320 
 1306      32303135 
 1306      30333033 
 1307 00e0 616E6368 		.ascii	"anch revision 221220] -mcpu=cortex-m3 -mthumb -g -O"
 1307      20726576 
 1307      6973696F 
 1307      6E203232 
 1307      31323230 
 1308 0113 67202D66 		.ascii	"g -ffunction-sections -ffat-lto-objects\000"
 1308      66756E63 
 1308      74696F6E 
 1308      2D736563 
 1308      74696F6E 
 1309              	.LASF8:
 1310 013b 756E7369 		.ascii	"unsigned int\000"
 1310      676E6564 
 1310      20696E74 
 1310      00
 1311              	.LASF7:
 1312 0148 6C6F6E67 		.ascii	"long long unsigned int\000"
 1312      206C6F6E 
 1312      6720756E 
 1312      7369676E 
ARM GAS  C:\Users\Keshuai\AppData\Local\Temp\ccoHJIbT.s 			page 25


 1312      65642069 
 1313              	.LASF16:
 1314 015f 63795F6D 		.ascii	"cy_meta_flashprotect\000"
 1314      6574615F 
 1314      666C6173 
 1314      6870726F 
 1314      74656374 
 1315              	.LASF15:
 1316 0174 63795F6D 		.ascii	"cy_meta_wonvl\000"
 1316      6574615F 
 1316      776F6E76 
 1316      6C00
 1317              	.LASF12:
 1318 0182 73697A65 		.ascii	"sizetype\000"
 1318      74797065 
 1318      00
 1319              	.LASF6:
 1320 018b 6C6F6E67 		.ascii	"long long int\000"
 1320      206C6F6E 
 1320      6720696E 
 1320      7400
 1321              	.LASF11:
 1322 0199 63686172 		.ascii	"char\000"
 1322      00
 1323              	.LASF2:
 1324 019e 73686F72 		.ascii	"short int\000"
 1324      7420696E 
 1324      7400
 1325              	.LASF21:
 1326 01a8 75696E74 		.ascii	"uint8\000"
 1326      3800
 1327              	.LASF4:
 1328 01ae 6C6F6E67 		.ascii	"long int\000"
 1328      20696E74 
 1328      00
 1329              	.LASF0:
 1330 01b7 7369676E 		.ascii	"signed char\000"
 1330      65642063 
 1330      68617200 
 1331              	.LASF19:
 1332 01c3 47656E65 		.ascii	"Generated_Source\\PSoC5\\cymetadata.c\000"
 1332      72617465 
 1332      645F536F 
 1332      75726365 
 1332      5C50536F 
 1333              		.ident	"GCC: (GNU Tools for ARM Embedded Processors) 4.9.3 20150303 (release) [ARM/embedded-4_9-br
