--------------- Build Started: 10/25/2017 02:13:52 Project: n00b, Configuration: ARM GCC 4.9-2015-q1-update Debug ---------------
cydsfit.exe -.appdatapath "C:\Users\Keshuai\AppData\Local\Cypress Semiconductor\PSoC Creator\4.0" -.fdsnotice -.fdswarpdepfile=warp_dependencies.txt -.fdselabdepfile=elab_dependencies.txt -.fdsbldfile=generated_files.txt -.fdsreffile=referenced_files.txt -p "C:\Users\Keshuai\Documents\PSoC Creator\Workspace01\n00b.cydsn\n00b.cyprj" -d CY8C5888LTI-LP097 -s "C:\Users\Keshuai\Documents\PSoC Creator\Workspace01\n00b.cydsn\Generated_Source\PSoC5" -- -yv2 -q10 -ygs -o2 -v3 -.fftcfgtype=LE
Elaborating Design...
ADD: pft.M0074: information: A (re)build is required to use the analog device editor. Unable to load the necessary information from the cyfit file. Partial/wrong data will be displayed until this has been resolved.
 * C:\Users\Keshuai\Documents\PSoC Creator\Workspace01\n00b.cydsn\n00b.cydwr ()
HDL Generation...
Synthesis...
Tech Mapping...
ADD: pft.M0040: information: The following 2 pin(s) will be assigned a location by the fitter: \USBFS_1:Dm(0)\, \USBFS_1:Dp(0)\
Analog Placement...
Analog Routing...
Analog Code Generation...
Digital Placement...
Digital Routing...
Bitstream Generation...
Bitstream Verification...
Static timing analysis...
API Generation...
DEL: pft.M0074: information: A (re)build is required to use the analog device editor. Unable to load the necessary information from the cyfit file. Partial/wrong data will be displayed until this has been resolved.
 * C:\Users\Keshuai\Documents\PSoC Creator\Workspace01\n00b.cydsn\n00b.cydwr ()
Dependency Generation...
Cleanup...
--------------- Build Succeeded: 10/25/2017 02:14:05 ---------------
